<?xml version="1.0" encoding="UTF-8"?>
<!-- Generated by org.testng.reporters.JUnitXMLReporter -->
<testsuite ignored="16" hostname="DESKTOP-U7APJPA" failures="3" tests="4" name="UnravelTest" time="1.873" errors="0" timestamp="20 Dec 2022 14:43:59 GMT">
  <testcase classname="com.qa.base.MainAccelerator" name="@AfterMethod tearDown" time="0.552">
    <failure type="java.lang.IllegalArgumentException" message="Input must be set">
      <![CDATA[java.lang.IllegalArgumentException: Input must be set
at org.openqa.selenium.internal.Require.nonNull(Require.java:56)
at org.openqa.selenium.support.ui.FluentWait.<init>(FluentWait.java:97)
at org.openqa.selenium.support.ui.WebDriverWait.<init>(WebDriverWait.java:128)
at org.openqa.selenium.support.ui.WebDriverWait.<init>(WebDriverWait.java:61)
at com.qa.utils.WaitExecuter.<init>(WaitExecuter.java:19)
at com.qa.workflows.NFMHomepageWorkflow.<init>(NFMHomepageWorkflow.java:25)
at com.qa.base.MainAccelerator.tearDown(MainAccelerator.java:123)
at com.qa.base.TestNGSuiteManager.createTestNGSuite(TestNGSuiteManager.java:56)
at com.qa.base.Main.main(Main.java:58)
... Removed 50 stack frames]]>
    </failure>
  </testcase> <!-- @AfterMethod tearDown -->
  <testcase classname="com.qa.base.MainAccelerator" name="@AfterMethod tearDown" time="0.093">
    <failure type="java.lang.IllegalArgumentException" message="Input must be set">
      <![CDATA[java.lang.IllegalArgumentException: Input must be set
at org.openqa.selenium.internal.Require.nonNull(Require.java:56)
at org.openqa.selenium.support.ui.FluentWait.<init>(FluentWait.java:97)
at org.openqa.selenium.support.ui.WebDriverWait.<init>(WebDriverWait.java:128)
at org.openqa.selenium.support.ui.WebDriverWait.<init>(WebDriverWait.java:61)
at com.qa.utils.WaitExecuter.<init>(WaitExecuter.java:19)
at com.qa.workflows.NFMHomepageWorkflow.<init>(NFMHomepageWorkflow.java:25)
at com.qa.base.MainAccelerator.tearDown(MainAccelerator.java:123)
at com.qa.base.TestNGSuiteManager.createTestNGSuite(TestNGSuiteManager.java:56)
at com.qa.base.Main.main(Main.java:58)
... Removed 50 stack frames]]>
    </failure>
  </testcase> <!-- @AfterMethod tearDown -->
  <testcase classname="com.qa.base.MainAccelerator" name="@AfterMethod tearDown" time="0.1">
    <failure type="java.lang.IllegalArgumentException" message="Input must be set">
      <![CDATA[java.lang.IllegalArgumentException: Input must be set
at org.openqa.selenium.internal.Require.nonNull(Require.java:56)
at org.openqa.selenium.support.ui.FluentWait.<init>(FluentWait.java:97)
at org.openqa.selenium.support.ui.WebDriverWait.<init>(WebDriverWait.java:128)
at org.openqa.selenium.support.ui.WebDriverWait.<init>(WebDriverWait.java:61)
at com.qa.utils.WaitExecuter.<init>(WaitExecuter.java:19)
at com.qa.workflows.NFMHomepageWorkflow.<init>(NFMHomepageWorkflow.java:25)
at com.qa.base.MainAccelerator.tearDown(MainAccelerator.java:123)
at com.qa.base.TestNGSuiteManager.createTestNGSuite(TestNGSuiteManager.java:56)
at com.qa.base.Main.main(Main.java:58)
... Removed 50 stack frames]]>
    </failure>
  </testcase> <!-- @AfterMethod tearDown -->
  <testcase classname="com.qa.base.MainAccelerator" name="@AfterMethod tearDown" time="0.067">
    <failure type="java.lang.IllegalArgumentException" message="Input must be set">
      <![CDATA[java.lang.IllegalArgumentException: Input must be set
at org.openqa.selenium.internal.Require.nonNull(Require.java:56)
at org.openqa.selenium.support.ui.FluentWait.<init>(FluentWait.java:97)
at org.openqa.selenium.support.ui.WebDriverWait.<init>(WebDriverWait.java:128)
at org.openqa.selenium.support.ui.WebDriverWait.<init>(WebDriverWait.java:61)
at com.qa.utils.WaitExecuter.<init>(WaitExecuter.java:19)
at com.qa.workflows.NFMHomepageWorkflow.<init>(NFMHomepageWorkflow.java:25)
at com.qa.base.MainAccelerator.tearDown(MainAccelerator.java:123)
at com.qa.base.TestNGSuiteManager.createTestNGSuite(TestNGSuiteManager.java:56)
at com.qa.base.Main.main(Main.java:58)
... Removed 50 stack frames]]>
    </failure>
  </testcase> <!-- @AfterMethod tearDown -->
  <testcase classname="com.qa.iris.om.TC_OM_AddOrder_01" name="verifyAddOrderMasterDetailPage" time="0.02">
    <failure type="java.lang.IllegalArgumentException" message="Input must be set">
      <![CDATA[java.lang.IllegalArgumentException: Input must be set
at org.openqa.selenium.internal.Require.nonNull(Require.java:56)
at org.openqa.selenium.support.ui.FluentWait.<init>(FluentWait.java:97)
at org.openqa.selenium.support.ui.WebDriverWait.<init>(WebDriverWait.java:128)
at org.openqa.selenium.support.ui.WebDriverWait.<init>(WebDriverWait.java:61)
at com.qa.utils.WaitExecuter.<init>(WaitExecuter.java:19)
at com.qa.workflows.NFMLoginWorkflow.<init>(NFMLoginWorkflow.java:27)
at com.qa.iris.om.TC_OM_AddOrder_01.verifyAddOrderMasterDetailPage(TC_OM_AddOrder_01.java:29)
at com.qa.base.TestNGSuiteManager.createTestNGSuite(TestNGSuiteManager.java:56)
at com.qa.base.Main.main(Main.java:58)
... Removed 47 stack frames]]>
    </failure>
  </testcase> <!-- verifyAddOrderMasterDetailPage -->
  <testcase classname="com.qa.iris.om.TC_OM_AddOrder_02" name="verifyAddOrderAddressDetailPage" time="0.001">
    <failure type="java.lang.IllegalArgumentException" message="Input must be set">
      <![CDATA[java.lang.IllegalArgumentException: Input must be set
at org.openqa.selenium.internal.Require.nonNull(Require.java:56)
at org.openqa.selenium.support.ui.FluentWait.<init>(FluentWait.java:97)
at org.openqa.selenium.support.ui.WebDriverWait.<init>(WebDriverWait.java:128)
at org.openqa.selenium.support.ui.WebDriverWait.<init>(WebDriverWait.java:61)
at com.qa.utils.WaitExecuter.<init>(WaitExecuter.java:19)
at com.qa.workflows.NFMLoginWorkflow.<init>(NFMLoginWorkflow.java:27)
at com.qa.iris.om.TC_OM_AddOrder_02.verifyAddOrderAddressDetailPage(TC_OM_AddOrder_02.java:26)
at com.qa.base.TestNGSuiteManager.createTestNGSuite(TestNGSuiteManager.java:56)
at com.qa.base.Main.main(Main.java:58)
... Removed 47 stack frames]]>
    </failure>
  </testcase> <!-- verifyAddOrderAddressDetailPage -->
  <testcase classname="com.qa.iris.om.TC_OM_AddOrder_03" name="createNewOrder" time="0.001">
    <failure type="java.lang.IllegalArgumentException" message="Input must be set">
      <![CDATA[java.lang.IllegalArgumentException: Input must be set
at org.openqa.selenium.internal.Require.nonNull(Require.java:56)
at org.openqa.selenium.support.ui.FluentWait.<init>(FluentWait.java:97)
at org.openqa.selenium.support.ui.WebDriverWait.<init>(WebDriverWait.java:128)
at org.openqa.selenium.support.ui.WebDriverWait.<init>(WebDriverWait.java:61)
at com.qa.utils.WaitExecuter.<init>(WaitExecuter.java:19)
at com.qa.workflows.NFMLoginWorkflow.<init>(NFMLoginWorkflow.java:27)
at com.qa.iris.om.TC_OM_AddOrder_03.createNewOrder(TC_OM_AddOrder_03.java:31)
at com.qa.base.TestNGSuiteManager.createTestNGSuite(TestNGSuiteManager.java:56)
at com.qa.base.Main.main(Main.java:58)
... Removed 47 stack frames]]>
    </failure>
  </testcase> <!-- createNewOrder -->
  <testcase classname="com.qa.iris.om.TC_OM_AddOrder_04" name="editNewOrder" time="0.001">
    <skipped/>
  </testcase> <!-- editNewOrder -->
  <testcase classname="com.qa.base.MainAccelerator" name="@AfterSuite tearDown" time="0.0">
    <ignored/>
  </testcase> <!-- @AfterSuite tearDown -->
  <testcase classname="com.qa.base.MainAccelerator" name="@AfterSuite tearDown" time="0.0">
    <ignored/>
  </testcase> <!-- @AfterSuite tearDown -->
  <testcase classname="com.qa.base.MainAccelerator" name="@AfterSuite tearDown" time="0.0">
    <ignored/>
  </testcase> <!-- @AfterSuite tearDown -->
  <testcase classname="com.qa.base.MainAccelerator" name="@AfterSuite tearDown" time="0.0">
    <ignored/>
  </testcase> <!-- @AfterSuite tearDown -->
  <testcase classname="com.qa.base.MainAccelerator" name="@AfterSuite tearDown" time="0.0">
    <ignored/>
  </testcase> <!-- @AfterSuite tearDown -->
  <testcase classname="com.qa.base.MainAccelerator" name="@AfterSuite tearDown" time="0.0">
    <ignored/>
  </testcase> <!-- @AfterSuite tearDown -->
  <testcase classname="com.qa.base.MainAccelerator" name="@AfterSuite tearDown" time="0.0">
    <ignored/>
  </testcase> <!-- @AfterSuite tearDown -->
  <testcase classname="com.qa.base.MainAccelerator" name="@AfterSuite tearDown" time="0.0">
    <ignored/>
  </testcase> <!-- @AfterSuite tearDown -->
  <testcase classname="com.qa.base.MainAccelerator" name="@BeforeSuite setup" time="0.0">
    <ignored/>
  </testcase> <!-- @BeforeSuite setup -->
  <testcase classname="com.qa.base.MainAccelerator" name="@BeforeSuite setup" time="0.0">
    <ignored/>
  </testcase> <!-- @BeforeSuite setup -->
  <testcase classname="com.qa.base.MainAccelerator" name="@BeforeSuite setup" time="0.0">
    <ignored/>
  </testcase> <!-- @BeforeSuite setup -->
  <testcase classname="com.qa.base.MainAccelerator" name="@BeforeSuite setup" time="0.0">
    <ignored/>
  </testcase> <!-- @BeforeSuite setup -->
  <testcase classname="com.qa.base.MainAccelerator" name="@BeforeSuite setup" time="0.0">
    <ignored/>
  </testcase> <!-- @BeforeSuite setup -->
  <testcase classname="com.qa.base.MainAccelerator" name="@BeforeSuite setup" time="0.0">
    <ignored/>
  </testcase> <!-- @BeforeSuite setup -->
  <testcase classname="com.qa.base.MainAccelerator" name="@BeforeSuite setup" time="0.0">
    <ignored/>
  </testcase> <!-- @BeforeSuite setup -->
  <testcase classname="com.qa.base.MainAccelerator" name="@BeforeSuite setup" time="0.0">
    <ignored/>
  </testcase> <!-- @BeforeSuite setup -->
</testsuite> <!-- UnravelTest -->
