<?xml version="1.0" encoding="UTF-8"?>
<!-- Generated by org.testng.reporters.JUnitXMLReporter -->
<testsuite hostname="ankurjais" ignored="3" name="RgeressionTest" tests="13" failures="0" timestamp="27 Aug 2020 08:48:07 GMT" time="7.459" errors="0">
  <testcase name="@BeforeTest setUp" time="7.416" classname="com.qa.testcases.ManagePageTest">
    <failure type="org.openqa.selenium.NoSuchWindowException" message="no such window: target window already closed
from unknown error: web view not found
  (Session info: chrome=84.0.4147.89)
Build info: version: &amp;apos;3.141.59&amp;apos;, revision: &amp;apos;e82be7d358&amp;apos;, time: &amp;apos;2018-11-14T08:17:03&amp;apos;
System info: host: &amp;apos;ankurjais&amp;apos;, ip: &amp;apos;127.0.1.1&amp;apos;, os.name: &amp;apos;Linux&amp;apos;, os.arch: &amp;apos;amd64&amp;apos;, os.version: &amp;apos;5.4.0-42-generic&amp;apos;, java.version: &amp;apos;1.8.0_252&amp;apos;
Driver info: org.openqa.selenium.chrome.ChromeDriver
Capabilities {acceptInsecureCerts: false, browserName: chrome, browserVersion: 84.0.4147.89, chrome: {chromedriverVersion: 84.0.4147.30 (48b3e868b4cc0..., userDataDir: /tmp/.com.google.Chrome.L2TELF}, goog:chromeOptions: {debuggerAddress: localhost:36171}, javascriptEnabled: true, networkConnectionEnabled: false, pageLoadStrategy: normal, platform: LINUX, platformName: LINUX, proxy: Proxy(), setWindowRect: true, strictFileInteractability: false, timeouts: {implicit: 0, pageLoad: 300000, script: 30000}, unhandledPromptBehavior: dismiss and notify, webauthn:virtualAuthenticators: true}
Session ID: de97c246a7499ea51856a125164f4863
*** Element info: {Using=id, value=user_login}">
      <![CDATA[org.openqa.selenium.NoSuchWindowException: no such window: target window already closed
from unknown error: web view not found
  (Session info: chrome=84.0.4147.89)
Build info: version: '3.141.59', revision: 'e82be7d358', time: '2018-11-14T08:17:03'
System info: host: 'ankurjais', ip: '127.0.1.1', os.name: 'Linux', os.arch: 'amd64', os.version: '5.4.0-42-generic', java.version: '1.8.0_252'
Driver info: org.openqa.selenium.chrome.ChromeDriver
Capabilities {acceptInsecureCerts: false, browserName: chrome, browserVersion: 84.0.4147.89, chrome: {chromedriverVersion: 84.0.4147.30 (48b3e868b4cc0..., userDataDir: /tmp/.com.google.Chrome.L2TELF}, goog:chromeOptions: {debuggerAddress: localhost:36171}, javascriptEnabled: true, networkConnectionEnabled: false, pageLoadStrategy: normal, platform: LINUX, platformName: LINUX, proxy: Proxy(), setWindowRect: true, strictFileInteractability: false, timeouts: {implicit: 0, pageLoad: 300000, script: 30000}, unhandledPromptBehavior: dismiss and notify, webauthn:virtualAuthenticators: true}
Session ID: de97c246a7499ea51856a125164f4863
*** Element info: {Using=id, value=user_login}
at org.openqa.selenium.remote.http.W3CHttpResponseCodec.createException(W3CHttpResponseCodec.java:187)
at org.openqa.selenium.remote.http.W3CHttpResponseCodec.decode(W3CHttpResponseCodec.java:122)
at org.openqa.selenium.remote.http.W3CHttpResponseCodec.decode(W3CHttpResponseCodec.java:49)
at org.openqa.selenium.remote.HttpCommandExecutor.execute(HttpCommandExecutor.java:158)
at org.openqa.selenium.remote.service.DriverCommandExecutor.execute(DriverCommandExecutor.java:83)
at org.openqa.selenium.remote.RemoteWebDriver.execute(RemoteWebDriver.java:552)
at org.openqa.selenium.remote.RemoteWebDriver.findElement(RemoteWebDriver.java:323)
at org.openqa.selenium.remote.RemoteWebDriver.findElementById(RemoteWebDriver.java:372)
at org.openqa.selenium.By$ById.findElement(By.java:188)
at org.openqa.selenium.remote.RemoteWebDriver.findElement(RemoteWebDriver.java:315)
at org.openqa.selenium.support.pagefactory.DefaultElementLocator.findElement(DefaultElementLocator.java:69)
at org.openqa.selenium.support.pagefactory.internal.LocatingElementHandler.invoke(LocatingElementHandler.java:38)
at com.sun.proxy.$Proxy13.sendKeys(Unknown Source)
at com.qa.pages.LoginPage.clickOnSignIn(LoginPage.java:56)
at com.qa.testcases.ManagePageTest.setUp(ManagePageTest.java:28)
... Removed 37 stack frames]]>
    </failure>
  </testcase> <!-- @BeforeTest setUp -->
  <testcase name="@BeforeClass setUp" time="0.0" classname="com.qa.testcases.LoginPageTest">
    <skipped/>
  </testcase> <!-- @BeforeClass setUp -->
  <testcase name="@AfterClass tearDown" time="0.0" classname="com.qa.testcases.LoginPageTest">
    <skipped/>
  </testcase> <!-- @AfterClass tearDown -->
  <testcase name="@BeforeClass setUp" time="0.0" classname="com.qa.testcases.HomePageTest">
    <skipped/>
  </testcase> <!-- @BeforeClass setUp -->
  <testcase name="@AfterClass tearDown" time="0.0" classname="com.qa.testcases.HomePageTest">
    <skipped/>
  </testcase> <!-- @AfterClass tearDown -->
  <testcase name="@AfterTest tearDown" time="0.0" classname="com.qa.testcases.ManagePageTest">
    <skipped/>
  </testcase> <!-- @AfterTest tearDown -->
  <testcase name="clickOnSignInTest" time="0.0" classname="com.qa.testcases.LoginPageTest">
    <skipped/>
  </testcase> <!-- clickOnSignInTest -->
  <testcase name="verifyHeadLogoTest" time="0.0" classname="com.qa.testcases.LoginPageTest">
    <skipped/>
  </testcase> <!-- verifyHeadLogoTest -->
  <testcase name="verifygetTitlePage" time="0.0" classname="com.qa.testcases.LoginPageTest">
    <skipped/>
  </testcase> <!-- verifygetTitlePage -->
  <testcase name="verifynameOnLogoImage" time="0.0" classname="com.qa.testcases.LoginPageTest">
    <skipped/>
  </testcase> <!-- verifynameOnLogoImage -->
  <testcase name="verifyAllTextOnDropDownMenuTest" time="0.0" classname="com.qa.testcases.HomePageTest">
    <skipped/>
  </testcase> <!-- verifyAllTextOnDropDownMenuTest -->
  <testcase name="getDaemons_tr1_TextTest" time="0.0" classname="com.qa.testcases.ManagePageTest">
    <skipped/>
  </testcase> <!-- getDaemons_tr1_TextTest -->
  <testcase name="getDaemons_tr2_TextTest" time="0.0" classname="com.qa.testcases.ManagePageTest">
    <skipped/>
  </testcase> <!-- getDaemons_tr2_TextTest -->
  <testcase name="verifyStatsTabDisplaysTest" time="0.0" classname="com.qa.testcases.ManagePageTest">
    <skipped/>
  </testcase> <!-- verifyStatsTabDisplaysTest -->
  <testcase name="verifydashBoardEnable" time="0.0" classname="com.qa.testcases.HomePageTest">
    <skipped/>
  </testcase> <!-- verifydashBoardEnable -->
  <testcase name="verifyDaemonsTabSelecetedTest" time="0.0" classname="com.qa.testcases.ManagePageTest">
    <skipped/>
  </testcase> <!-- verifyDaemonsTabSelecetedTest -->
  <testcase name="verifygetLoggedUserName" time="0.0" classname="com.qa.testcases.HomePageTest">
    <skipped/>
  </testcase> <!-- verifygetLoggedUserName -->
  <testcase name="verifyTitleTest" time="0.0" classname="com.qa.testcases.ManagePageTest">
    <skipped/>
  </testcase> <!-- verifyTitleTest -->
  <testcase name="getAllTabsOnManageTest" time="0.0" classname="com.qa.testcases.ManagePageTest">
    <skipped/>
  </testcase> <!-- getAllTabsOnManageTest -->
  <testcase name="verifyLogoTest" time="0.0" classname="com.qa.testcases.LoginPageTest">
    <ignored/>
  </testcase> <!-- verifyLogoTest -->
  <testcase name="veifySearchText" time="0.0" classname="com.qa.testcases.HomePageTest">
    <ignored/>
  </testcase> <!-- veifySearchText -->
  <testcase name="verifyLogoutUser" time="0.0" classname="com.qa.testcases.HomePageTest">
    <ignored/>
  </testcase> <!-- verifyLogoutUser -->
</testsuite> <!-- RgeressionTest -->
